# JRE version: Java(TM) SE Runtime Environment (8.0_171-b11) (build 1.8.0_171-b11)
# Java VM: Java HotSpot(TM) Client VM (25.171-b11 mixed mode windows-x86 )
Heap:
 def new generation   total 4928K, used 3673K [0x05400000, 0x05950000, 0x0a950000)
  eden space 4416K,  82% used [0x05400000, 0x057898a8, 0x05850000)
  from space 512K,  10% used [0x05850000, 0x0585cf10, 0x058d0000)
  to   space 512K,   0% used [0x058d0000, 0x058d0000, 0x05950000)
 tenured generation   total 10944K, used 791K [0x0a950000, 0x0b400000, 0x15400000)
   the space 10944K,   7% used [0x0a950000, 0x0aa15cd0, 0x0aa15e00, 0x0b400000)
 Metaspace       used 3169K, capacity 3322K, committed 3392K, reserved 4480K
GC Heap History (10 events):
Event: 170.543 GC heap before
{Heap before GC invocations=11 (full 0):
 def new generation   total 4928K, used 4466K [0x05400000, 0x05950000, 0x0a950000)
  eden space 4416K, 100% used [0x05400000, 0x05850000, 0x05850000)
  from space 512K,   9% used [0x058d0000, 0x058dcbd0, 0x05950000)
  to   space 512K,   0% used [0x05850000, 0x05850000, 0x058d0000)
 tenured generation   total 10944K, used 791K [0x0a950000, 0x0b400000, 0x15400000)
   the space 10944K,   7% used [0x0a950000, 0x0aa15cd0, 0x0aa15e00, 0x0b400000)
 Metaspace       used 3169K, capacity 3322K, committed 3392K, reserved 4480K
Event: 170.543 GC heap after
Heap after GC invocations=12 (full 0):
 def new generation   total 4928K, used 50K [0x05400000, 0x05950000, 0x0a950000)
  eden space 4416K,   0% used [0x05400000, 0x05400000, 0x05850000)
  from space 512K,   9% used [0x05850000, 0x0585caf8, 0x058d0000)
  to   space 512K,   0% used [0x058d0000, 0x058d0000, 0x05950000)
 tenured generation   total 10944K, used 791K [0x0a950000, 0x0b400000, 0x15400000)
   the space 10944K,   7% used [0x0a950000, 0x0aa15cd0, 0x0aa15e00, 0x0b400000)
 Metaspace       used 3169K, capacity 3322K, committed 3392K, reserved 4480K
}
Event: 171.240 GC heap before
{Heap before GC invocations=12 (full 0):
 def new generation   total 4928K, used 4466K [0x05400000, 0x05950000, 0x0a950000)
  eden space 4416K, 100% used [0x05400000, 0x05850000, 0x05850000)
  from space 512K,   9% used [0x05850000, 0x0585caf8, 0x058d0000)
  to   space 512K,   0% used [0x058d0000, 0x058d0000, 0x05950000)
 tenured generation   total 10944K, used 791K [0x0a950000, 0x0b400000, 0x15400000)
   the space 10944K,   7% used [0x0a950000, 0x0aa15cd0, 0x0aa15e00, 0x0b400000)
 Metaspace       used 3169K, capacity 3322K, committed 3392K, reserved 4480K
Event: 171.241 GC heap after
Heap after GC invocations=13 (full 0):
 def new generation   total 4928K, used 50K [0x05400000, 0x05950000, 0x0a950000)
  eden space 4416K,   0% used [0x05400000, 0x05400000, 0x05850000)
  from space 512K,   9% used [0x058d0000, 0x058dcaf8, 0x05950000)
  to   space 512K,   0% used [0x05850000, 0x05850000, 0x058d0000)
 tenured generation   total 10944K, used 791K [0x0a950000, 0x0b400000, 0x15400000)
   the space 10944K,   7% used [0x0a950000, 0x0aa15cd0, 0x0aa15e00, 0x0b400000)
 Metaspace       used 3169K, capacity 3322K, committed 3392K, reserved 4480K
}
Event: 172.282 GC heap before
{Heap before GC invocations=13 (full 0):
 def new generation   total 4928K, used 4466K [0x05400000, 0x05950000, 0x0a950000)
  eden space 4416K, 100% used [0x05400000, 0x05850000, 0x05850000)
  from space 512K,   9% used [0x058d0000, 0x058dcaf8, 0x05950000)
  to   space 512K,   0% used [0x05850000, 0x05850000, 0x058d0000)
 tenured generation   total 10944K, used 791K [0x0a950000, 0x0b400000, 0x15400000)
   the space 10944K,   7% used [0x0a950000, 0x0aa15cd0, 0x0aa15e00, 0x0b400000)
 Metaspace       used 3169K, capacity 3322K, committed 3392K, reserved 4480K
Event: 172.283 GC heap after
Heap after GC invocations=14 (full 0):
 def new generation   total 4928K, used 50K [0x05400000, 0x05950000, 0x0a950000)
  eden space 4416K,   0% used [0x05400000, 0x05400000, 0x05850000)
  from space 512K,   9% used [0x05850000, 0x0585cab8, 0x058d0000)
  to   space 512K,   0% used [0x058d0000, 0x058d0000, 0x05950000)
 tenured generation   total 10944K, used 791K [0x0a950000, 0x0b400000, 0x15400000)
   the space 10944K,   7% used [0x0a950000, 0x0aa15cd0, 0x0aa15e00, 0x0b400000)
 Metaspace       used 3169K, capacity 3322K, committed 3392K, reserved 4480K
}
Event: 176.109 GC heap before
{Heap before GC invocations=14 (full 0):
 def new generation   total 4928K, used 4466K [0x05400000, 0x05950000, 0x0a950000)
  eden space 4416K, 100% used [0x05400000, 0x05850000, 0x05850000)
  from space 512K,   9% used [0x05850000, 0x0585cab8, 0x058d0000)
  to   space 512K,   0% used [0x058d0000, 0x058d0000, 0x05950000)
 tenured generation   total 10944K, used 791K [0x0a950000, 0x0b400000, 0x15400000)
   the space 10944K,   7% used [0x0a950000, 0x0aa15cd0, 0x0aa15e00, 0x0b400000)
 Metaspace       used 3169K, capacity 3322K, committed 3392K, reserved 4480K
Event: 176.109 GC heap after
Heap after GC invocations=15 (full 0):
 def new generation   total 4928K, used 51K [0x05400000, 0x05950000, 0x0a950000)
  eden space 4416K,   0% used [0x05400000, 0x05400000, 0x05850000)
  from space 512K,  10% used [0x058d0000, 0x058dce40, 0x05950000)
  to   space 512K,   0% used [0x05850000, 0x05850000, 0x058d0000)
 tenured generation   total 10944K, used 791K [0x0a950000, 0x0b400000, 0x15400000)
   the space 10944K,   7% used [0x0a950000, 0x0aa15cd0, 0x0aa15e00, 0x0b400000)
 Metaspace       used 3169K, capacity 3322K, committed 3392K, reserved 4480K
}
Event: 192.874 GC heap before
{Heap before GC invocations=15 (full 0):
 def new generation   total 4928K, used 4467K [0x05400000, 0x05950000, 0x0a950000)
  eden space 4416K, 100% used [0x05400000, 0x05850000, 0x05850000)
  from space 512K,  10% used [0x058d0000, 0x058dce40, 0x05950000)
  to   space 512K,   0% used [0x05850000, 0x05850000, 0x058d0000)
 tenured generation   total 10944K, used 791K [0x0a950000, 0x0b400000, 0x15400000)
   the space 10944K,   7% used [0x0a950000, 0x0aa15cd0, 0x0aa15e00, 0x0b400000)
 Metaspace       used 3169K, capacity 3322K, committed 3392K, reserved 4480K
Event: 192.874 GC heap after
Heap after GC invocations=16 (full 0):
 def new generation   total 4928K, used 51K [0x05400000, 0x05950000, 0x0a950000)
  eden space 4416K,   0% used [0x05400000, 0x05400000, 0x05850000)
  from space 512K,  10% used [0x05850000, 0x0585cf10, 0x058d0000)
  to   space 512K,   0% used [0x058d0000, 0x058d0000, 0x05950000)
 tenured generation   total 10944K, used 791K [0x0a950000, 0x0b400000, 0x15400000)
   the space 10944K,   7% used [0x0a950000, 0x0aa15cd0, 0x0aa15e00, 0x0b400000)
 Metaspace       used 3169K, capacity 3322K, committed 3392K, reserved 4480K
}

